<?xml version="1.0" encoding="UTF-8"?>
<testsuite name="com.practice.jeongin.portfolio.domain.posts.PostsRepositoryTest" tests="1" skipped="0" failures="0" errors="0" timestamp="2023-10-08T15:55:26" hostname="DESKTOP-MNCBCCT" time="0.178">
  <properties/>
  <testcase name="insertPost()" classname="com.practice.jeongin.portfolio.domain.posts.PostsRepositoryTest" time="0.178"/>
  <system-out><![CDATA[00:55:22.953 [Test worker] DEBUG org.springframework.test.context.BootstrapUtils - Instantiating CacheAwareContextLoaderDelegate from class [org.springframework.test.context.cache.DefaultCacheAwareContextLoaderDelegate]
00:55:22.959 [Test worker] DEBUG org.springframework.test.context.BootstrapUtils - Instantiating BootstrapContext using constructor [public org.springframework.test.context.support.DefaultBootstrapContext(java.lang.Class,org.springframework.test.context.CacheAwareContextLoaderDelegate)]
00:55:22.975 [Test worker] DEBUG org.springframework.test.context.BootstrapUtils - Instantiating TestContextBootstrapper for test class [com.practice.jeongin.portfolio.domain.posts.PostsRepositoryTest] from class [org.springframework.boot.test.context.SpringBootTestContextBootstrapper]
00:55:22.982 [Test worker] INFO org.springframework.boot.test.context.SpringBootTestContextBootstrapper - Neither @ContextConfiguration nor @ContextHierarchy found for test class [com.practice.jeongin.portfolio.domain.posts.PostsRepositoryTest], using SpringBootContextLoader
00:55:22.984 [Test worker] DEBUG org.springframework.test.context.support.AbstractContextLoader - Did not detect default resource location for test class [com.practice.jeongin.portfolio.domain.posts.PostsRepositoryTest]: class path resource [com/practice/jeongin/portfolio/domain/posts/PostsRepositoryTest-context.xml] does not exist
00:55:22.984 [Test worker] DEBUG org.springframework.test.context.support.AbstractContextLoader - Did not detect default resource location for test class [com.practice.jeongin.portfolio.domain.posts.PostsRepositoryTest]: class path resource [com/practice/jeongin/portfolio/domain/posts/PostsRepositoryTestContext.groovy] does not exist
00:55:22.984 [Test worker] INFO org.springframework.test.context.support.AbstractContextLoader - Could not detect default resource locations for test class [com.practice.jeongin.portfolio.domain.posts.PostsRepositoryTest]: no resource found for suffixes {-context.xml, Context.groovy}.
00:55:22.984 [Test worker] INFO org.springframework.test.context.support.AnnotationConfigContextLoaderUtils - Could not detect default configuration classes for test class [com.practice.jeongin.portfolio.domain.posts.PostsRepositoryTest]: PostsRepositoryTest does not declare any static, non-private, non-final, nested classes annotated with @Configuration.
00:55:23.008 [Test worker] DEBUG org.springframework.test.context.support.ActiveProfilesUtils - Could not find an 'annotation declaring class' for annotation type [org.springframework.test.context.ActiveProfiles] and class [com.practice.jeongin.portfolio.domain.posts.PostsRepositoryTest]
00:55:23.044 [Test worker] DEBUG org.springframework.context.annotation.ClassPathScanningCandidateComponentProvider - Identified candidate component class: file [C:\Users\정인\IdeaProjects\Portfolio\build\classes\java\test\com\practice\jeongin\portfolio\Application.class]
00:55:23.045 [Test worker] DEBUG org.springframework.context.annotation.ClassPathScanningCandidateComponentProvider - Identified candidate component class: file [C:\Users\정인\IdeaProjects\Portfolio\build\classes\java\main\com\practice\jeongin\portfolio\Application.class]
00:55:23.045 [Test worker] INFO org.springframework.boot.test.context.SpringBootTestContextBootstrapper - Found @SpringBootConfiguration com.practice.jeongin.portfolio.Application for test class com.practice.jeongin.portfolio.domain.posts.PostsRepositoryTest
00:55:23.096 [Test worker] DEBUG org.springframework.boot.test.context.SpringBootTestContextBootstrapper - @TestExecutionListeners is not present for class [com.practice.jeongin.portfolio.domain.posts.PostsRepositoryTest]: using defaults.
00:55:23.097 [Test worker] INFO org.springframework.boot.test.context.SpringBootTestContextBootstrapper - Loaded default TestExecutionListener class names from location [META-INF/spring.factories]: [org.springframework.boot.test.autoconfigure.restdocs.RestDocsTestExecutionListener, org.springframework.boot.test.autoconfigure.web.client.MockRestServiceServerResetTestExecutionListener, org.springframework.boot.test.autoconfigure.web.servlet.MockMvcPrintOnlyOnFailureTestExecutionListener, org.springframework.boot.test.autoconfigure.web.servlet.WebDriverTestExecutionListener, org.springframework.boot.test.autoconfigure.webservices.client.MockWebServiceServerTestExecutionListener, org.springframework.boot.test.mock.mockito.MockitoTestExecutionListener, org.springframework.boot.test.mock.mockito.ResetMocksTestExecutionListener, org.springframework.test.context.web.ServletTestExecutionListener, org.springframework.test.context.support.DirtiesContextBeforeModesTestExecutionListener, org.springframework.test.context.event.ApplicationEventsTestExecutionListener, org.springframework.test.context.support.DependencyInjectionTestExecutionListener, org.springframework.test.context.support.DirtiesContextTestExecutionListener, org.springframework.test.context.transaction.TransactionalTestExecutionListener, org.springframework.test.context.jdbc.SqlScriptsTestExecutionListener, org.springframework.test.context.event.EventPublishingTestExecutionListener]
00:55:23.106 [Test worker] INFO org.springframework.boot.test.context.SpringBootTestContextBootstrapper - Using TestExecutionListeners: [org.springframework.test.context.web.ServletTestExecutionListener@51e4ccb3, org.springframework.test.context.support.DirtiesContextBeforeModesTestExecutionListener@46e8a539, org.springframework.test.context.event.ApplicationEventsTestExecutionListener@495083a0, org.springframework.boot.test.mock.mockito.MockitoTestExecutionListener@5fd62371, org.springframework.boot.test.autoconfigure.SpringBootDependencyInjectionTestExecutionListener@28a0fd6c, org.springframework.test.context.support.DirtiesContextTestExecutionListener@2b62442c, org.springframework.test.context.transaction.TransactionalTestExecutionListener@66629f63, org.springframework.test.context.jdbc.SqlScriptsTestExecutionListener@841e575, org.springframework.test.context.event.EventPublishingTestExecutionListener@27a5328c, org.springframework.boot.test.autoconfigure.restdocs.RestDocsTestExecutionListener@1e5f4170, org.springframework.boot.test.autoconfigure.web.client.MockRestServiceServerResetTestExecutionListener@6c345c5f, org.springframework.boot.test.autoconfigure.web.servlet.MockMvcPrintOnlyOnFailureTestExecutionListener@6b5966e1, org.springframework.boot.test.autoconfigure.web.servlet.WebDriverTestExecutionListener@65e61854, org.springframework.boot.test.autoconfigure.webservices.client.MockWebServiceServerTestExecutionListener@1568159, org.springframework.boot.test.mock.mockito.ResetMocksTestExecutionListener@4fcee388]
00:55:23.108 [Test worker] DEBUG org.springframework.test.context.support.AbstractDirtiesContextTestExecutionListener - Before test class: context [DefaultTestContext@40dd3977 testClass = PostsRepositoryTest, testInstance = [null], testMethod = [null], testException = [null], mergedContextConfiguration = [WebMergedContextConfiguration@3a4e343 testClass = PostsRepositoryTest, locations = '{}', classes = '{class com.practice.jeongin.portfolio.Application}', contextInitializerClasses = '[]', activeProfiles = '{}', propertySourceLocations = '{}', propertySourceProperties = '{org.springframework.boot.test.context.SpringBootTestContextBootstrapper=true}', contextCustomizers = set[org.springframework.boot.test.autoconfigure.actuate.metrics.MetricsExportContextCustomizerFactory$DisableMetricExportContextCustomizer@22bac7bc, org.springframework.boot.test.autoconfigure.properties.PropertyMappingContextCustomizer@0, org.springframework.boot.test.autoconfigure.web.servlet.WebDriverContextCustomizerFactory$Customizer@28ec166e, org.springframework.boot.test.context.filter.ExcludeFilterContextCustomizer@12c7a01b, org.springframework.boot.test.json.DuplicateJsonObjectContextCustomizerFactory$DuplicateJsonObjectContextCustomizer@62727399, org.springframework.boot.test.mock.mockito.MockitoContextCustomizer@0, org.springframework.boot.test.web.client.TestRestTemplateContextCustomizer@7203c7ff, org.springframework.boot.test.context.SpringBootTestArgs@1, org.springframework.boot.test.context.SpringBootTestWebEnvironment@53ce1329], resourceBasePath = 'src/main/webapp', contextLoader = 'org.springframework.boot.test.context.SpringBootContextLoader', parent = [null]], attributes = map['org.springframework.test.context.web.ServletTestExecutionListener.activateListener' -> true]], class annotated with @DirtiesContext [false] with mode [null].
00:55:23.125 [Test worker] DEBUG org.springframework.test.context.support.TestPropertySourceUtils - Adding inlined properties to environment: {spring.jmx.enabled=false, org.springframework.boot.test.context.SpringBootTestContextBootstrapper=true}

  .   ____          _            __ _ _
 /\\ / ___'_ __ _ _(_)_ __  __ _ \ \ \ \
( ( )\___ | '_ | '_| | '_ \/ _` | \ \ \ \
 \\/  ___)| |_)| | | | | || (_| |  ) ) ) )
  '  |____| .__|_| |_|_| |_\__, | / / / /
 =========|_|==============|___/=/_/_/_/
 :: Spring Boot ::                (v2.5.3)

Hibernate: insert into posts (create_date, modified_date, content, end_date, language, progress, start_date, summary, title) values (?, ?, ?, ?, ?, ?, ?, ?, ?)
Hibernate: insert into posts (create_date, modified_date, content, end_date, language, progress, start_date, summary, title) values (?, ?, ?, ?, ?, ?, ?, ?, ?)
Hibernate: insert into posts (create_date, modified_date, content, end_date, language, progress, start_date, summary, title) values (?, ?, ?, ?, ?, ?, ?, ?, ?)
Hibernate: insert into posts (create_date, modified_date, content, end_date, language, progress, start_date, summary, title) values (?, ?, ?, ?, ?, ?, ?, ?, ?)
Hibernate: insert into posts (create_date, modified_date, content, end_date, language, progress, start_date, summary, title) values (?, ?, ?, ?, ?, ?, ?, ?, ?)
]]></system-out>
  <system-err><![CDATA[]]></system-err>
</testsuite>
